<?xml version="1.0" encoding="UTF-8"?>
<testsuites name="true" time="46.8540" tests="92" failures="0">
  <testsuite name="Root Suite" timestamp="2022-01-10T04:25:03" tests="0" time="0.0000" failures="0">
  </testsuite>
  <testsuite name="Core" timestamp="2022-01-10T04:25:03" tests="0" file="/home/caleb/fei-protocol-core/test/unit/core/Core.test.ts" time="0.0000" failures="0">
  </testsuite>
  <testsuite name="Allocate Tribe" timestamp="2022-01-10T04:25:06" tests="3" file="/home/caleb/fei-protocol-core/test/unit/core/Core.test.ts" time="1.8230" failures="0">
    <testcase name="Core Allocate Tribe updates" time="0.0590" classname="updates">
    </testcase>
    <testcase name="Core Allocate Tribe not enough reverts" time="0.0230" classname="not enough reverts">
    </testcase>
    <testcase name="Core Allocate Tribe non governor reverts" time="0.0130" classname="non governor reverts">
    </testcase>
  </testsuite>
  <testsuite name="Fei Update" timestamp="2022-01-10T04:25:08" tests="2" file="/home/caleb/fei-protocol-core/test/unit/core/Core.test.ts" time="1.0240" failures="0">
    <testcase name="Core Fei Update updates" time="0.0270" classname="updates">
    </testcase>
    <testcase name="Core Fei Update non governor reverts" time="0.0110" classname="non governor reverts">
    </testcase>
  </testsuite>
  <testsuite name="Tribe Update" timestamp="2022-01-10T04:25:09" tests="2" file="/home/caleb/fei-protocol-core/test/unit/core/Core.test.ts" time="1.0590" failures="0">
    <testcase name="Core Tribe Update updates" time="0.0280" classname="updates">
    </testcase>
    <testcase name="Core Tribe Update non governor reverts" time="0.0120" classname="non governor reverts">
    </testcase>
  </testsuite>
  <testsuite name="Minter" timestamp="2022-01-10T04:25:10" tests="0" file="/home/caleb/fei-protocol-core/test/unit/core/Core.test.ts" time="0.0000" failures="0">
  </testsuite>
  <testsuite name="Role" timestamp="2022-01-10T04:25:10" tests="0" file="/home/caleb/fei-protocol-core/test/unit/core/Core.test.ts" time="0.0000" failures="0">
  </testsuite>
  <testsuite name="Has access" timestamp="2022-01-10T04:25:10" tests="1" file="/home/caleb/fei-protocol-core/test/unit/core/Core.test.ts" time="0.5030" failures="0">
    <testcase name="Core Minter Role Has access is registered in core" time="0.0060" classname="is registered in core">
    </testcase>
  </testsuite>
  <testsuite name="Access revoked" timestamp="2022-01-10T04:25:11" tests="1" file="/home/caleb/fei-protocol-core/test/unit/core/Core.test.ts" time="0.6040" failures="0">
    <testcase name="Core Minter Role Access revoked is not registered in core" time="0.0040" classname="is not registered in core">
    </testcase>
  </testsuite>
  <testsuite name="Access renounced" timestamp="2022-01-10T04:25:11" tests="1" file="/home/caleb/fei-protocol-core/test/unit/core/Core.test.ts" time="0.5370" failures="0">
    <testcase name="Core Minter Role Access renounced is not registered in core" time="0.0030" classname="is not registered in core">
    </testcase>
  </testsuite>
  <testsuite name="Member Count" timestamp="2022-01-10T04:25:12" tests="2" file="/home/caleb/fei-protocol-core/test/unit/core/Core.test.ts" time="1.0160" failures="0">
    <testcase name="Core Minter Role Member Count is one" time="0.0070" classname="is one">
    </testcase>
    <testcase name="Core Minter Role Member Count updates to two" time="0.0350" classname="updates to two">
    </testcase>
  </testsuite>
  <testsuite name="Admin" timestamp="2022-01-10T04:25:13" tests="1" file="/home/caleb/fei-protocol-core/test/unit/core/Core.test.ts" time="0.4720" failures="0">
    <testcase name="Core Minter Role Admin is governor" time="0.0060" classname="is governor">
    </testcase>
  </testsuite>
  <testsuite name="Access" timestamp="2022-01-10T04:25:13" tests="5" file="/home/caleb/fei-protocol-core/test/unit/core/Core.test.ts" time="2.3620" failures="0">
    <testcase name="Core Minter Access onlyMinter succeeds" time="0.0090" classname="onlyMinter succeeds">
    </testcase>
    <testcase name="Core Minter Access onlyBurner reverts" time="0.0110" classname="onlyBurner reverts">
    </testcase>
    <testcase name="Core Minter Access onlyGovernor reverts" time="0.0060" classname="onlyGovernor reverts">
    </testcase>
    <testcase name="Core Minter Access onlyGovernorOrAdmin reverts" time="0.0080" classname="onlyGovernorOrAdmin reverts">
    </testcase>
    <testcase name="Core Minter Access onlyPCVController reverts" time="0.0080" classname="onlyPCVController reverts">
    </testcase>
  </testsuite>
  <testsuite name="Burner" timestamp="2022-01-10T04:25:16" tests="0" file="/home/caleb/fei-protocol-core/test/unit/core/Core.test.ts" time="0.0000" failures="0">
  </testsuite>
  <testsuite name="Role" timestamp="2022-01-10T04:25:16" tests="0" file="/home/caleb/fei-protocol-core/test/unit/core/Core.test.ts" time="0.0000" failures="0">
  </testsuite>
  <testsuite name="Has access" timestamp="2022-01-10T04:25:16" tests="1" file="/home/caleb/fei-protocol-core/test/unit/core/Core.test.ts" time="0.5250" failures="0">
    <testcase name="Core Burner Role Has access is registered in core" time="0.0060" classname="is registered in core">
    </testcase>
  </testsuite>
  <testsuite name="Access revoked" timestamp="2022-01-10T04:25:16" tests="1" file="/home/caleb/fei-protocol-core/test/unit/core/Core.test.ts" time="0.5380" failures="0">
    <testcase name="Core Burner Role Access revoked is not registered in core" time="0.0030" classname="is not registered in core">
    </testcase>
  </testsuite>
  <testsuite name="Access renounced" timestamp="2022-01-10T04:25:17" tests="1" file="/home/caleb/fei-protocol-core/test/unit/core/Core.test.ts" time="0.5490" failures="0">
    <testcase name="Core Burner Role Access renounced is not registered in core" time="0.0030" classname="is not registered in core">
    </testcase>
  </testsuite>
  <testsuite name="Member Count" timestamp="2022-01-10T04:25:17" tests="2" file="/home/caleb/fei-protocol-core/test/unit/core/Core.test.ts" time="0.9680" failures="0">
    <testcase name="Core Burner Role Member Count is one" time="0.0060" classname="is one">
    </testcase>
    <testcase name="Core Burner Role Member Count updates to two" time="0.0250" classname="updates to two">
    </testcase>
  </testsuite>
  <testsuite name="Admin" timestamp="2022-01-10T04:25:18" tests="1" file="/home/caleb/fei-protocol-core/test/unit/core/Core.test.ts" time="0.4160" failures="0">
    <testcase name="Core Burner Role Admin is governor" time="0.0060" classname="is governor">
    </testcase>
  </testsuite>
  <testsuite name="Access" timestamp="2022-01-10T04:25:19" tests="5" file="/home/caleb/fei-protocol-core/test/unit/core/Core.test.ts" time="2.3000" failures="0">
    <testcase name="Core Burner Access onlyMinter reverts" time="0.0080" classname="onlyMinter reverts">
    </testcase>
    <testcase name="Core Burner Access onlyBurner succeeds" time="0.0060" classname="onlyBurner succeeds">
    </testcase>
    <testcase name="Core Burner Access onlyGovernor reverts" time="0.0060" classname="onlyGovernor reverts">
    </testcase>
    <testcase name="Core Burner Access onlyGovernorOrAdmin reverts" time="0.0070" classname="onlyGovernorOrAdmin reverts">
    </testcase>
    <testcase name="Core Burner Access onlyPCVController reverts" time="0.0070" classname="onlyPCVController reverts">
    </testcase>
  </testsuite>
  <testsuite name="PCV Controller" timestamp="2022-01-10T04:25:21" tests="0" file="/home/caleb/fei-protocol-core/test/unit/core/Core.test.ts" time="0.0000" failures="0">
  </testsuite>
  <testsuite name="Role" timestamp="2022-01-10T04:25:21" tests="0" file="/home/caleb/fei-protocol-core/test/unit/core/Core.test.ts" time="0.0000" failures="0">
  </testsuite>
  <testsuite name="Has access" timestamp="2022-01-10T04:25:21" tests="1" file="/home/caleb/fei-protocol-core/test/unit/core/Core.test.ts" time="0.4730" failures="0">
    <testcase name="Core PCV Controller Role Has access is registered in core" time="0.0050" classname="is registered in core">
    </testcase>
  </testsuite>
  <testsuite name="Access revoked" timestamp="2022-01-10T04:25:21" tests="1" file="/home/caleb/fei-protocol-core/test/unit/core/Core.test.ts" time="0.5320" failures="0">
    <testcase name="Core PCV Controller Role Access revoked is not registered in core" time="0.0050" classname="is not registered in core">
    </testcase>
  </testsuite>
  <testsuite name="Access renounced" timestamp="2022-01-10T04:25:22" tests="1" file="/home/caleb/fei-protocol-core/test/unit/core/Core.test.ts" time="0.5930" failures="0">
    <testcase name="Core PCV Controller Role Access renounced is not registered in core" time="0.0030" classname="is not registered in core">
    </testcase>
  </testsuite>
  <testsuite name="Member Count" timestamp="2022-01-10T04:25:23" tests="2" file="/home/caleb/fei-protocol-core/test/unit/core/Core.test.ts" time="1.0100" failures="0">
    <testcase name="Core PCV Controller Role Member Count is one" time="0.0080" classname="is one">
    </testcase>
    <testcase name="Core PCV Controller Role Member Count updates to two" time="0.0340" classname="updates to two">
    </testcase>
  </testsuite>
  <testsuite name="Admin" timestamp="2022-01-10T04:25:24" tests="1" file="/home/caleb/fei-protocol-core/test/unit/core/Core.test.ts" time="0.4420" failures="0">
    <testcase name="Core PCV Controller Role Admin is governor" time="0.0060" classname="is governor">
    </testcase>
  </testsuite>
  <testsuite name="Access" timestamp="2022-01-10T04:25:24" tests="5" file="/home/caleb/fei-protocol-core/test/unit/core/Core.test.ts" time="2.1280" failures="0">
    <testcase name="Core PCV Controller Access onlyMinter reverts" time="0.0060" classname="onlyMinter reverts">
    </testcase>
    <testcase name="Core PCV Controller Access onlyBurner reverts" time="0.0080" classname="onlyBurner reverts">
    </testcase>
    <testcase name="Core PCV Controller Access onlyGovernor reverts" time="0.0070" classname="onlyGovernor reverts">
    </testcase>
    <testcase name="Core PCV Controller Access onlyGovernorOrAdmin reverts" time="0.0080" classname="onlyGovernorOrAdmin reverts">
    </testcase>
    <testcase name="Core PCV Controller Access onlyPCVController succeeds" time="0.0050" classname="onlyPCVController succeeds">
    </testcase>
  </testsuite>
  <testsuite name="Governor" timestamp="2022-01-10T04:25:26" tests="0" file="/home/caleb/fei-protocol-core/test/unit/core/Core.test.ts" time="0.0000" failures="0">
  </testsuite>
  <testsuite name="Role" timestamp="2022-01-10T04:25:26" tests="0" file="/home/caleb/fei-protocol-core/test/unit/core/Core.test.ts" time="0.0000" failures="0">
  </testsuite>
  <testsuite name="Has access" timestamp="2022-01-10T04:25:26" tests="1" file="/home/caleb/fei-protocol-core/test/unit/core/Core.test.ts" time="0.3990" failures="0">
    <testcase name="Core Governor Role Has access is registered in core" time="0.0050" classname="is registered in core">
    </testcase>
  </testsuite>
  <testsuite name="Access revoked" timestamp="2022-01-10T04:25:27" tests="1" file="/home/caleb/fei-protocol-core/test/unit/core/Core.test.ts" time="0.4790" failures="0">
    <testcase name="Core Governor Role Access revoked is not registered in core" time="0.0030" classname="is not registered in core">
    </testcase>
  </testsuite>
  <testsuite name="Access renounced" timestamp="2022-01-10T04:25:27" tests="1" file="/home/caleb/fei-protocol-core/test/unit/core/Core.test.ts" time="0.4680" failures="0">
    <testcase name="Core Governor Role Access renounced is not registered in core" time="0.0030" classname="is not registered in core">
    </testcase>
  </testsuite>
  <testsuite name="Member Count" timestamp="2022-01-10T04:25:28" tests="2" file="/home/caleb/fei-protocol-core/test/unit/core/Core.test.ts" time="0.8260" failures="0">
    <testcase name="Core Governor Role Member Count is one" time="0.0060" classname="is one">
    </testcase>
    <testcase name="Core Governor Role Member Count updates to two" time="0.0300" classname="updates to two">
    </testcase>
  </testsuite>
  <testsuite name="Admin" timestamp="2022-01-10T04:25:28" tests="1" file="/home/caleb/fei-protocol-core/test/unit/core/Core.test.ts" time="0.3970" failures="0">
    <testcase name="Core Governor Role Admin is governor" time="0.0040" classname="is governor">
    </testcase>
  </testsuite>
  <testsuite name="Access" timestamp="2022-01-10T04:25:29" tests="4" file="/home/caleb/fei-protocol-core/test/unit/core/Core.test.ts" time="1.6370" failures="0">
    <testcase name="Core Governor Access onlyMinter reverts" time="0.0070" classname="onlyMinter reverts">
    </testcase>
    <testcase name="Core Governor Access onlyBurner reverts" time="0.0050" classname="onlyBurner reverts">
    </testcase>
    <testcase name="Core Governor Access onlyGovernor succeeds" time="0.0060" classname="onlyGovernor succeeds">
    </testcase>
    <testcase name="Core Governor Access onlyPCVController reverts" time="0.0070" classname="onlyPCVController reverts">
    </testcase>
  </testsuite>
  <testsuite name="Access Control" timestamp="2022-01-10T04:25:30" tests="0" file="/home/caleb/fei-protocol-core/test/unit/core/Core.test.ts" time="0.0000" failures="0">
  </testsuite>
  <testsuite name="Minter" timestamp="2022-01-10T04:25:30" tests="2" file="/home/caleb/fei-protocol-core/test/unit/core/Core.test.ts" time="0.9030" failures="0">
    <testcase name="Core Governor Access Control Minter can grant" time="0.0310" classname="can grant">
    </testcase>
    <testcase name="Core Governor Access Control Minter can revoke" time="0.0780" classname="can revoke">
    </testcase>
  </testsuite>
  <testsuite name="Burner" timestamp="2022-01-10T04:25:31" tests="2" file="/home/caleb/fei-protocol-core/test/unit/core/Core.test.ts" time="0.8980" failures="0">
    <testcase name="Core Governor Access Control Burner can grant" time="0.0270" classname="can grant">
    </testcase>
    <testcase name="Core Governor Access Control Burner can revoke" time="0.0790" classname="can revoke">
    </testcase>
  </testsuite>
  <testsuite name="PCV Controller" timestamp="2022-01-10T04:25:32" tests="2" file="/home/caleb/fei-protocol-core/test/unit/core/Core.test.ts" time="0.9180" failures="0">
    <testcase name="Core Governor Access Control PCV Controller can grant" time="0.0240" classname="can grant">
    </testcase>
    <testcase name="Core Governor Access Control PCV Controller can revoke" time="0.0780" classname="can revoke">
    </testcase>
  </testsuite>
  <testsuite name="Governor" timestamp="2022-01-10T04:25:33" tests="2" file="/home/caleb/fei-protocol-core/test/unit/core/Core.test.ts" time="0.9220" failures="0">
    <testcase name="Core Governor Access Control Governor can grant" time="0.0290" classname="can grant">
    </testcase>
    <testcase name="Core Governor Access Control Governor can revoke" time="0.0810" classname="can revoke">
    </testcase>
  </testsuite>
  <testsuite name="Guardian" timestamp="2022-01-10T04:25:34" tests="0" file="/home/caleb/fei-protocol-core/test/unit/core/Core.test.ts" time="0.0000" failures="0">
  </testsuite>
  <testsuite name="Role" timestamp="2022-01-10T04:25:34" tests="0" file="/home/caleb/fei-protocol-core/test/unit/core/Core.test.ts" time="0.0000" failures="0">
  </testsuite>
  <testsuite name="Has access" timestamp="2022-01-10T04:25:34" tests="1" file="/home/caleb/fei-protocol-core/test/unit/core/Core.test.ts" time="0.4070" failures="0">
    <testcase name="Core Guardian Role Has access is registered in core" time="0.0050" classname="is registered in core">
    </testcase>
  </testsuite>
  <testsuite name="Access revoked" timestamp="2022-01-10T04:25:34" tests="1" file="/home/caleb/fei-protocol-core/test/unit/core/Core.test.ts" time="0.4770" failures="0">
    <testcase name="Core Guardian Role Access revoked is not registered in core" time="0.0030" classname="is not registered in core">
    </testcase>
  </testsuite>
  <testsuite name="Access renounced" timestamp="2022-01-10T04:25:35" tests="1" file="/home/caleb/fei-protocol-core/test/unit/core/Core.test.ts" time="0.4710" failures="0">
    <testcase name="Core Guardian Role Access renounced is not registered in core" time="0.0030" classname="is not registered in core">
    </testcase>
  </testsuite>
  <testsuite name="Member Count" timestamp="2022-01-10T04:25:35" tests="2" file="/home/caleb/fei-protocol-core/test/unit/core/Core.test.ts" time="0.8340" failures="0">
    <testcase name="Core Guardian Role Member Count is one" time="0.0050" classname="is one">
    </testcase>
    <testcase name="Core Guardian Role Member Count updates to two" time="0.0250" classname="updates to two">
    </testcase>
  </testsuite>
  <testsuite name="Admin" timestamp="2022-01-10T04:25:36" tests="1" file="/home/caleb/fei-protocol-core/test/unit/core/Core.test.ts" time="0.4010" failures="0">
    <testcase name="Core Guardian Role Admin is governor" time="0.0040" classname="is governor">
    </testcase>
  </testsuite>
  <testsuite name="Access" timestamp="2022-01-10T04:25:37" tests="5" file="/home/caleb/fei-protocol-core/test/unit/core/Core.test.ts" time="2.0680" failures="0">
    <testcase name="Core Guardian Access onlyMinter reverts" time="0.0070" classname="onlyMinter reverts">
    </testcase>
    <testcase name="Core Guardian Access onlyBurner reverts" time="0.0050" classname="onlyBurner reverts">
    </testcase>
    <testcase name="Core Guardian Access onlyGovernor reverts" time="0.0060" classname="onlyGovernor reverts">
    </testcase>
    <testcase name="Core Guardian Access onlyGovernorOrAdmin reverts" time="0.0080" classname="onlyGovernorOrAdmin reverts">
    </testcase>
    <testcase name="Core Guardian Access onlyPCVController reverts" time="0.0070" classname="onlyPCVController reverts">
    </testcase>
  </testsuite>
  <testsuite name="Access Control" timestamp="2022-01-10T04:25:39" tests="0" file="/home/caleb/fei-protocol-core/test/unit/core/Core.test.ts" time="0.0000" failures="0">
  </testsuite>
  <testsuite name="Non-Guardian" timestamp="2022-01-10T04:25:39" tests="1" file="/home/caleb/fei-protocol-core/test/unit/core/Core.test.ts" time="0.4390" failures="0">
    <testcase name="Core Guardian Access Control Non-Guardian cannot revoke" time="0.0130" classname="cannot revoke">
    </testcase>
  </testsuite>
  <testsuite name="Guardian" timestamp="2022-01-10T04:25:39" tests="5" file="/home/caleb/fei-protocol-core/test/unit/core/Core.test.ts" time="2.6950" failures="0">
    <testcase name="Core Guardian Access Control Guardian can revoke minter" time="0.1020" classname="can revoke minter">
    </testcase>
    <testcase name="Core Guardian Access Control Guardian can revoke burner" time="0.1030" classname="can revoke burner">
    </testcase>
    <testcase name="Core Guardian Access Control Guardian can revoke pcv controller" time="0.1040" classname="can revoke pcv controller">
    </testcase>
    <testcase name="Core Guardian Access Control Guardian cannot revoke governor" time="0.0140" classname="cannot revoke governor">
    </testcase>
    <testcase name="Core Guardian Access Control Guardian can revoke contract admin" time="0.1820" classname="can revoke contract admin">
    </testcase>
  </testsuite>
  <testsuite name="Contract Admin" timestamp="2022-01-10T04:25:42" tests="0" file="/home/caleb/fei-protocol-core/test/unit/core/Core.test.ts" time="0.0000" failures="0">
  </testsuite>
  <testsuite name="Role" timestamp="2022-01-10T04:25:42" tests="0" file="/home/caleb/fei-protocol-core/test/unit/core/Core.test.ts" time="0.0000" failures="0">
  </testsuite>
  <testsuite name="Has access" timestamp="2022-01-10T04:25:42" tests="1" file="/home/caleb/fei-protocol-core/test/unit/core/Core.test.ts" time="0.4980" failures="0">
    <testcase name="Core Contract Admin Role Has access is registered in core" time="0.0070" classname="is registered in core">
    </testcase>
  </testsuite>
  <testsuite name="Access renounced" timestamp="2022-01-10T04:25:42" tests="1" file="/home/caleb/fei-protocol-core/test/unit/core/Core.test.ts" time="0.5660" failures="0">
    <testcase name="Core Contract Admin Role Access renounced is not registered in core" time="0.0030" classname="is not registered in core">
    </testcase>
  </testsuite>
  <testsuite name="Member Count" timestamp="2022-01-10T04:25:43" tests="2" file="/home/caleb/fei-protocol-core/test/unit/core/Core.test.ts" time="0.9960" failures="0">
    <testcase name="Core Contract Admin Role Member Count is one" time="0.0050" classname="is one">
    </testcase>
    <testcase name="Core Contract Admin Role Member Count updates to two" time="0.0300" classname="updates to two">
    </testcase>
  </testsuite>
  <testsuite name="Admin" timestamp="2022-01-10T04:25:44" tests="1" file="/home/caleb/fei-protocol-core/test/unit/core/Core.test.ts" time="0.4470" failures="0">
    <testcase name="Core Contract Admin Role Admin is governor" time="0.0050" classname="is governor">
    </testcase>
  </testsuite>
  <testsuite name="Access" timestamp="2022-01-10T04:25:44" tests="5" file="/home/caleb/fei-protocol-core/test/unit/core/Core.test.ts" time="2.2670" failures="0">
    <testcase name="Core Contract Admin Access onlyMinter reverts" time="0.0070" classname="onlyMinter reverts">
    </testcase>
    <testcase name="Core Contract Admin Access onlyBurner reverts" time="0.0070" classname="onlyBurner reverts">
    </testcase>
    <testcase name="Core Contract Admin Access onlyGovernor reverts" time="0.0070" classname="onlyGovernor reverts">
    </testcase>
    <testcase name="Core Contract Admin Access onlyGovernorOrAdmin succeeds" time="0.0080" classname="onlyGovernorOrAdmin succeeds">
    </testcase>
    <testcase name="Core Contract Admin Access onlyPCVController reverts" time="0.0040" classname="onlyPCVController reverts">
    </testcase>
  </testsuite>
  <testsuite name="Access Control" timestamp="2022-01-10T04:25:47" tests="0" file="/home/caleb/fei-protocol-core/test/unit/core/Core.test.ts" time="0.0000" failures="0">
  </testsuite>
  <testsuite name="Non-Guardian" timestamp="2022-01-10T04:25:47" tests="1" file="/home/caleb/fei-protocol-core/test/unit/core/Core.test.ts" time="0.4460" failures="0">
    <testcase name="Core Contract Admin Access Control Non-Guardian cannot revoke" time="0.0080" classname="cannot revoke">
    </testcase>
  </testsuite>
  <testsuite name="Guardian" timestamp="2022-01-10T04:25:47" tests="4" file="/home/caleb/fei-protocol-core/test/unit/core/Core.test.ts" time="2.0410" failures="0">
    <testcase name="Core Contract Admin Access Control Guardian can revoke minter" time="0.0960" classname="can revoke minter">
    </testcase>
    <testcase name="Core Contract Admin Access Control Guardian can revoke burner" time="0.0880" classname="can revoke burner">
    </testcase>
    <testcase name="Core Contract Admin Access Control Guardian can revoke pcv controller" time="0.0920" classname="can revoke pcv controller">
    </testcase>
    <testcase name="Core Contract Admin Access Control Guardian cannot revoke governor" time="0.0110" classname="cannot revoke governor">
    </testcase>
  </testsuite>
  <testsuite name="Create Role" timestamp="2022-01-10T04:25:49" tests="2" file="/home/caleb/fei-protocol-core/test/unit/core/Core.test.ts" time="0.8000" failures="0">
    <testcase name="Core Create Role governor succeeds" time="0.0200" classname="governor succeeds">
    </testcase>
    <testcase name="Core Create Role non-governor fails" time="0.0090" classname="non-governor fails">
    </testcase>
  </testsuite>
</testsuites>