<?xml version="1.0" encoding="UTF-8"?>
<testsuites name="Mocha Tests" time="44.6330" tests="92" failures="0">
  <testsuite name="Root Suite" timestamp="2022-01-10T04:18:22" tests="0" time="0.0000" failures="0">
  </testsuite>
  <testsuite name="Core" timestamp="2022-01-10T04:18:22" tests="0" file="/home/caleb/fei-protocol-core/test/unit/core/Core.test.ts" time="0.0000" failures="0">
  </testsuite>
  <testsuite name="Allocate Tribe" timestamp="2022-01-10T04:18:25" tests="3" file="/home/caleb/fei-protocol-core/test/unit/core/Core.test.ts" time="1.7730" failures="0">
    <testcase name="Core Allocate Tribe updates" time="0.0500" classname="updates">
    </testcase>
    <testcase name="Core Allocate Tribe not enough reverts" time="0.0250" classname="not enough reverts">
    </testcase>
    <testcase name="Core Allocate Tribe non governor reverts" time="0.0140" classname="non governor reverts">
    </testcase>
  </testsuite>
  <testsuite name="Fei Update" timestamp="2022-01-10T04:18:27" tests="2" file="/home/caleb/fei-protocol-core/test/unit/core/Core.test.ts" time="0.9390" failures="0">
    <testcase name="Core Fei Update updates" time="0.0240" classname="updates">
    </testcase>
    <testcase name="Core Fei Update non governor reverts" time="0.0100" classname="non governor reverts">
    </testcase>
  </testsuite>
  <testsuite name="Tribe Update" timestamp="2022-01-10T04:18:28" tests="2" file="/home/caleb/fei-protocol-core/test/unit/core/Core.test.ts" time="0.8870" failures="0">
    <testcase name="Core Tribe Update updates" time="0.0240" classname="updates">
    </testcase>
    <testcase name="Core Tribe Update non governor reverts" time="0.0110" classname="non governor reverts">
    </testcase>
  </testsuite>
  <testsuite name="Minter" timestamp="2022-01-10T04:18:29" tests="0" file="/home/caleb/fei-protocol-core/test/unit/core/Core.test.ts" time="0.0000" failures="0">
  </testsuite>
  <testsuite name="Role" timestamp="2022-01-10T04:18:29" tests="0" file="/home/caleb/fei-protocol-core/test/unit/core/Core.test.ts" time="0.0000" failures="0">
  </testsuite>
  <testsuite name="Has access" timestamp="2022-01-10T04:18:29" tests="1" file="/home/caleb/fei-protocol-core/test/unit/core/Core.test.ts" time="0.4320" failures="0">
    <testcase name="Core Minter Role Has access is registered in core" time="0.0050" classname="is registered in core">
    </testcase>
  </testsuite>
  <testsuite name="Access revoked" timestamp="2022-01-10T04:18:29" tests="1" file="/home/caleb/fei-protocol-core/test/unit/core/Core.test.ts" time="0.5090" failures="0">
    <testcase name="Core Minter Role Access revoked is not registered in core" time="0.0030" classname="is not registered in core">
    </testcase>
  </testsuite>
  <testsuite name="Access renounced" timestamp="2022-01-10T04:18:30" tests="1" file="/home/caleb/fei-protocol-core/test/unit/core/Core.test.ts" time="0.5410" failures="0">
    <testcase name="Core Minter Role Access renounced is not registered in core" time="0.0030" classname="is not registered in core">
    </testcase>
  </testsuite>
  <testsuite name="Member Count" timestamp="2022-01-10T04:18:30" tests="2" file="/home/caleb/fei-protocol-core/test/unit/core/Core.test.ts" time="0.9620" failures="0">
    <testcase name="Core Minter Role Member Count is one" time="0.0050" classname="is one">
    </testcase>
    <testcase name="Core Minter Role Member Count updates to two" time="0.0300" classname="updates to two">
    </testcase>
  </testsuite>
  <testsuite name="Admin" timestamp="2022-01-10T04:18:31" tests="1" file="/home/caleb/fei-protocol-core/test/unit/core/Core.test.ts" time="0.4250" failures="0">
    <testcase name="Core Minter Role Admin is governor" time="0.0050" classname="is governor">
    </testcase>
  </testsuite>
  <testsuite name="Access" timestamp="2022-01-10T04:18:32" tests="5" file="/home/caleb/fei-protocol-core/test/unit/core/Core.test.ts" time="2.1670" failures="0">
    <testcase name="Core Minter Access onlyMinter succeeds" time="0.0090" classname="onlyMinter succeeds">
    </testcase>
    <testcase name="Core Minter Access onlyBurner reverts" time="0.0080" classname="onlyBurner reverts">
    </testcase>
    <testcase name="Core Minter Access onlyGovernor reverts" time="0.0060" classname="onlyGovernor reverts">
    </testcase>
    <testcase name="Core Minter Access onlyGovernorOrAdmin reverts" time="0.0070" classname="onlyGovernorOrAdmin reverts">
    </testcase>
    <testcase name="Core Minter Access onlyPCVController reverts" time="0.0070" classname="onlyPCVController reverts">
    </testcase>
  </testsuite>
  <testsuite name="Burner" timestamp="2022-01-10T04:18:34" tests="0" file="/home/caleb/fei-protocol-core/test/unit/core/Core.test.ts" time="0.0000" failures="0">
  </testsuite>
  <testsuite name="Role" timestamp="2022-01-10T04:18:34" tests="0" file="/home/caleb/fei-protocol-core/test/unit/core/Core.test.ts" time="0.0000" failures="0">
  </testsuite>
  <testsuite name="Has access" timestamp="2022-01-10T04:18:34" tests="1" file="/home/caleb/fei-protocol-core/test/unit/core/Core.test.ts" time="0.4430" failures="0">
    <testcase name="Core Burner Role Has access is registered in core" time="0.0040" classname="is registered in core">
    </testcase>
  </testsuite>
  <testsuite name="Access revoked" timestamp="2022-01-10T04:18:34" tests="1" file="/home/caleb/fei-protocol-core/test/unit/core/Core.test.ts" time="0.5030" failures="0">
    <testcase name="Core Burner Role Access revoked is not registered in core" time="0.0040" classname="is not registered in core">
    </testcase>
  </testsuite>
  <testsuite name="Access renounced" timestamp="2022-01-10T04:18:35" tests="1" file="/home/caleb/fei-protocol-core/test/unit/core/Core.test.ts" time="0.4870" failures="0">
    <testcase name="Core Burner Role Access renounced is not registered in core" time="0.0030" classname="is not registered in core">
    </testcase>
  </testsuite>
  <testsuite name="Member Count" timestamp="2022-01-10T04:18:35" tests="2" file="/home/caleb/fei-protocol-core/test/unit/core/Core.test.ts" time="0.8820" failures="0">
    <testcase name="Core Burner Role Member Count is one" time="0.0060" classname="is one">
    </testcase>
    <testcase name="Core Burner Role Member Count updates to two" time="0.0260" classname="updates to two">
    </testcase>
  </testsuite>
  <testsuite name="Admin" timestamp="2022-01-10T04:18:36" tests="1" file="/home/caleb/fei-protocol-core/test/unit/core/Core.test.ts" time="0.3860" failures="0">
    <testcase name="Core Burner Role Admin is governor" time="0.0040" classname="is governor">
    </testcase>
  </testsuite>
  <testsuite name="Access" timestamp="2022-01-10T04:18:37" tests="5" file="/home/caleb/fei-protocol-core/test/unit/core/Core.test.ts" time="1.9840" failures="0">
    <testcase name="Core Burner Access onlyMinter reverts" time="0.0060" classname="onlyMinter reverts">
    </testcase>
    <testcase name="Core Burner Access onlyBurner succeeds" time="0.0060" classname="onlyBurner succeeds">
    </testcase>
    <testcase name="Core Burner Access onlyGovernor reverts" time="0.0050" classname="onlyGovernor reverts">
    </testcase>
    <testcase name="Core Burner Access onlyGovernorOrAdmin reverts" time="0.0070" classname="onlyGovernorOrAdmin reverts">
    </testcase>
    <testcase name="Core Burner Access onlyPCVController reverts" time="0.0070" classname="onlyPCVController reverts">
    </testcase>
  </testsuite>
  <testsuite name="PCV Controller" timestamp="2022-01-10T04:18:38" tests="0" file="/home/caleb/fei-protocol-core/test/unit/core/Core.test.ts" time="0.0000" failures="0">
  </testsuite>
  <testsuite name="Role" timestamp="2022-01-10T04:18:38" tests="0" file="/home/caleb/fei-protocol-core/test/unit/core/Core.test.ts" time="0.0000" failures="0">
  </testsuite>
  <testsuite name="Has access" timestamp="2022-01-10T04:18:38" tests="1" file="/home/caleb/fei-protocol-core/test/unit/core/Core.test.ts" time="0.4150" failures="0">
    <testcase name="Core PCV Controller Role Has access is registered in core" time="0.0050" classname="is registered in core">
    </testcase>
  </testsuite>
  <testsuite name="Access revoked" timestamp="2022-01-10T04:18:39" tests="1" file="/home/caleb/fei-protocol-core/test/unit/core/Core.test.ts" time="0.5020" failures="0">
    <testcase name="Core PCV Controller Role Access revoked is not registered in core" time="0.0030" classname="is not registered in core">
    </testcase>
  </testsuite>
  <testsuite name="Access renounced" timestamp="2022-01-10T04:18:39" tests="1" file="/home/caleb/fei-protocol-core/test/unit/core/Core.test.ts" time="0.4680" failures="0">
    <testcase name="Core PCV Controller Role Access renounced is not registered in core" time="0.0030" classname="is not registered in core">
    </testcase>
  </testsuite>
  <testsuite name="Member Count" timestamp="2022-01-10T04:18:40" tests="2" file="/home/caleb/fei-protocol-core/test/unit/core/Core.test.ts" time="0.8920" failures="0">
    <testcase name="Core PCV Controller Role Member Count is one" time="0.0050" classname="is one">
    </testcase>
    <testcase name="Core PCV Controller Role Member Count updates to two" time="0.0290" classname="updates to two">
    </testcase>
  </testsuite>
  <testsuite name="Admin" timestamp="2022-01-10T04:18:41" tests="1" file="/home/caleb/fei-protocol-core/test/unit/core/Core.test.ts" time="0.4090" failures="0">
    <testcase name="Core PCV Controller Role Admin is governor" time="0.0060" classname="is governor">
    </testcase>
  </testsuite>
  <testsuite name="Access" timestamp="2022-01-10T04:18:41" tests="5" file="/home/caleb/fei-protocol-core/test/unit/core/Core.test.ts" time="2.0970" failures="0">
    <testcase name="Core PCV Controller Access onlyMinter reverts" time="0.0070" classname="onlyMinter reverts">
    </testcase>
    <testcase name="Core PCV Controller Access onlyBurner reverts" time="0.0090" classname="onlyBurner reverts">
    </testcase>
    <testcase name="Core PCV Controller Access onlyGovernor reverts" time="0.0070" classname="onlyGovernor reverts">
    </testcase>
    <testcase name="Core PCV Controller Access onlyGovernorOrAdmin reverts" time="0.0070" classname="onlyGovernorOrAdmin reverts">
    </testcase>
    <testcase name="Core PCV Controller Access onlyPCVController succeeds" time="0.0050" classname="onlyPCVController succeeds">
    </testcase>
  </testsuite>
  <testsuite name="Governor" timestamp="2022-01-10T04:18:43" tests="0" file="/home/caleb/fei-protocol-core/test/unit/core/Core.test.ts" time="0.0000" failures="0">
  </testsuite>
  <testsuite name="Role" timestamp="2022-01-10T04:18:43" tests="0" file="/home/caleb/fei-protocol-core/test/unit/core/Core.test.ts" time="0.0000" failures="0">
  </testsuite>
  <testsuite name="Has access" timestamp="2022-01-10T04:18:43" tests="1" file="/home/caleb/fei-protocol-core/test/unit/core/Core.test.ts" time="0.4160" failures="0">
    <testcase name="Core Governor Role Has access is registered in core" time="0.0060" classname="is registered in core">
    </testcase>
  </testsuite>
  <testsuite name="Access revoked" timestamp="2022-01-10T04:18:44" tests="1" file="/home/caleb/fei-protocol-core/test/unit/core/Core.test.ts" time="0.5110" failures="0">
    <testcase name="Core Governor Role Access revoked is not registered in core" time="0.0030" classname="is not registered in core">
    </testcase>
  </testsuite>
  <testsuite name="Access renounced" timestamp="2022-01-10T04:18:44" tests="1" file="/home/caleb/fei-protocol-core/test/unit/core/Core.test.ts" time="0.4810" failures="0">
    <testcase name="Core Governor Role Access renounced is not registered in core" time="0.0030" classname="is not registered in core">
    </testcase>
  </testsuite>
  <testsuite name="Member Count" timestamp="2022-01-10T04:18:45" tests="2" file="/home/caleb/fei-protocol-core/test/unit/core/Core.test.ts" time="0.8540" failures="0">
    <testcase name="Core Governor Role Member Count is one" time="0.0050" classname="is one">
    </testcase>
    <testcase name="Core Governor Role Member Count updates to two" time="0.0300" classname="updates to two">
    </testcase>
  </testsuite>
  <testsuite name="Admin" timestamp="2022-01-10T04:18:46" tests="1" file="/home/caleb/fei-protocol-core/test/unit/core/Core.test.ts" time="0.4150" failures="0">
    <testcase name="Core Governor Role Admin is governor" time="0.0050" classname="is governor">
    </testcase>
  </testsuite>
  <testsuite name="Access" timestamp="2022-01-10T04:18:46" tests="4" file="/home/caleb/fei-protocol-core/test/unit/core/Core.test.ts" time="1.6070" failures="0">
    <testcase name="Core Governor Access onlyMinter reverts" time="0.0060" classname="onlyMinter reverts">
    </testcase>
    <testcase name="Core Governor Access onlyBurner reverts" time="0.0070" classname="onlyBurner reverts">
    </testcase>
    <testcase name="Core Governor Access onlyGovernor succeeds" time="0.0050" classname="onlyGovernor succeeds">
    </testcase>
    <testcase name="Core Governor Access onlyPCVController reverts" time="0.0070" classname="onlyPCVController reverts">
    </testcase>
  </testsuite>
  <testsuite name="Access Control" timestamp="2022-01-10T04:18:48" tests="0" file="/home/caleb/fei-protocol-core/test/unit/core/Core.test.ts" time="0.0000" failures="0">
  </testsuite>
  <testsuite name="Minter" timestamp="2022-01-10T04:18:48" tests="2" file="/home/caleb/fei-protocol-core/test/unit/core/Core.test.ts" time="0.9240" failures="0">
    <testcase name="Core Governor Access Control Minter can grant" time="0.0270" classname="can grant">
    </testcase>
    <testcase name="Core Governor Access Control Minter can revoke" time="0.0730" classname="can revoke">
    </testcase>
  </testsuite>
  <testsuite name="Burner" timestamp="2022-01-10T04:18:48" tests="2" file="/home/caleb/fei-protocol-core/test/unit/core/Core.test.ts" time="0.8800" failures="0">
    <testcase name="Core Governor Access Control Burner can grant" time="0.0300" classname="can grant">
    </testcase>
    <testcase name="Core Governor Access Control Burner can revoke" time="0.0750" classname="can revoke">
    </testcase>
  </testsuite>
  <testsuite name="PCV Controller" timestamp="2022-01-10T04:18:49" tests="2" file="/home/caleb/fei-protocol-core/test/unit/core/Core.test.ts" time="0.8790" failures="0">
    <testcase name="Core Governor Access Control PCV Controller can grant" time="0.0270" classname="can grant">
    </testcase>
    <testcase name="Core Governor Access Control PCV Controller can revoke" time="0.0780" classname="can revoke">
    </testcase>
  </testsuite>
  <testsuite name="Governor" timestamp="2022-01-10T04:18:50" tests="2" file="/home/caleb/fei-protocol-core/test/unit/core/Core.test.ts" time="0.9000" failures="0">
    <testcase name="Core Governor Access Control Governor can grant" time="0.0280" classname="can grant">
    </testcase>
    <testcase name="Core Governor Access Control Governor can revoke" time="0.0880" classname="can revoke">
    </testcase>
  </testsuite>
  <testsuite name="Guardian" timestamp="2022-01-10T04:18:51" tests="0" file="/home/caleb/fei-protocol-core/test/unit/core/Core.test.ts" time="0.0000" failures="0">
  </testsuite>
  <testsuite name="Role" timestamp="2022-01-10T04:18:51" tests="0" file="/home/caleb/fei-protocol-core/test/unit/core/Core.test.ts" time="0.0000" failures="0">
  </testsuite>
  <testsuite name="Has access" timestamp="2022-01-10T04:18:51" tests="1" file="/home/caleb/fei-protocol-core/test/unit/core/Core.test.ts" time="0.3970" failures="0">
    <testcase name="Core Guardian Role Has access is registered in core" time="0.0050" classname="is registered in core">
    </testcase>
  </testsuite>
  <testsuite name="Access revoked" timestamp="2022-01-10T04:18:52" tests="1" file="/home/caleb/fei-protocol-core/test/unit/core/Core.test.ts" time="0.4780" failures="0">
    <testcase name="Core Guardian Role Access revoked is not registered in core" time="0.0030" classname="is not registered in core">
    </testcase>
  </testsuite>
  <testsuite name="Access renounced" timestamp="2022-01-10T04:18:52" tests="1" file="/home/caleb/fei-protocol-core/test/unit/core/Core.test.ts" time="0.4610" failures="0">
    <testcase name="Core Guardian Role Access renounced is not registered in core" time="0.0030" classname="is not registered in core">
    </testcase>
  </testsuite>
  <testsuite name="Member Count" timestamp="2022-01-10T04:18:52" tests="2" file="/home/caleb/fei-protocol-core/test/unit/core/Core.test.ts" time="0.8160" failures="0">
    <testcase name="Core Guardian Role Member Count is one" time="0.0040" classname="is one">
    </testcase>
    <testcase name="Core Guardian Role Member Count updates to two" time="0.0300" classname="updates to two">
    </testcase>
  </testsuite>
  <testsuite name="Admin" timestamp="2022-01-10T04:18:53" tests="1" file="/home/caleb/fei-protocol-core/test/unit/core/Core.test.ts" time="0.3900" failures="0">
    <testcase name="Core Guardian Role Admin is governor" time="0.0050" classname="is governor">
    </testcase>
  </testsuite>
  <testsuite name="Access" timestamp="2022-01-10T04:18:54" tests="5" file="/home/caleb/fei-protocol-core/test/unit/core/Core.test.ts" time="2.0460" failures="0">
    <testcase name="Core Guardian Access onlyMinter reverts" time="0.0060" classname="onlyMinter reverts">
    </testcase>
    <testcase name="Core Guardian Access onlyBurner reverts" time="0.0070" classname="onlyBurner reverts">
    </testcase>
    <testcase name="Core Guardian Access onlyGovernor reverts" time="0.0070" classname="onlyGovernor reverts">
    </testcase>
    <testcase name="Core Guardian Access onlyGovernorOrAdmin reverts" time="0.0080" classname="onlyGovernorOrAdmin reverts">
    </testcase>
    <testcase name="Core Guardian Access onlyPCVController reverts" time="0.0050" classname="onlyPCVController reverts">
    </testcase>
  </testsuite>
  <testsuite name="Access Control" timestamp="2022-01-10T04:18:56" tests="0" file="/home/caleb/fei-protocol-core/test/unit/core/Core.test.ts" time="0.0000" failures="0">
  </testsuite>
  <testsuite name="Non-Guardian" timestamp="2022-01-10T04:18:56" tests="1" file="/home/caleb/fei-protocol-core/test/unit/core/Core.test.ts" time="0.4100" failures="0">
    <testcase name="Core Guardian Access Control Non-Guardian cannot revoke" time="0.0100" classname="cannot revoke">
    </testcase>
  </testsuite>
  <testsuite name="Guardian" timestamp="2022-01-10T04:18:56" tests="5" file="/home/caleb/fei-protocol-core/test/unit/core/Core.test.ts" time="2.3910" failures="0">
    <testcase name="Core Guardian Access Control Guardian can revoke minter" time="0.0980" classname="can revoke minter">
    </testcase>
    <testcase name="Core Guardian Access Control Guardian can revoke burner" time="0.0930" classname="can revoke burner">
    </testcase>
    <testcase name="Core Guardian Access Control Guardian can revoke pcv controller" time="0.0970" classname="can revoke pcv controller">
    </testcase>
    <testcase name="Core Guardian Access Control Guardian cannot revoke governor" time="0.0100" classname="cannot revoke governor">
    </testcase>
    <testcase name="Core Guardian Access Control Guardian can revoke contract admin" time="0.1360" classname="can revoke contract admin">
    </testcase>
  </testsuite>
  <testsuite name="Contract Admin" timestamp="2022-01-10T04:18:59" tests="0" file="/home/caleb/fei-protocol-core/test/unit/core/Core.test.ts" time="0.0000" failures="0">
  </testsuite>
  <testsuite name="Role" timestamp="2022-01-10T04:18:59" tests="0" file="/home/caleb/fei-protocol-core/test/unit/core/Core.test.ts" time="0.0000" failures="0">
  </testsuite>
  <testsuite name="Has access" timestamp="2022-01-10T04:18:59" tests="1" file="/home/caleb/fei-protocol-core/test/unit/core/Core.test.ts" time="0.4400" failures="0">
    <testcase name="Core Contract Admin Role Has access is registered in core" time="0.0050" classname="is registered in core">
    </testcase>
  </testsuite>
  <testsuite name="Access renounced" timestamp="2022-01-10T04:18:59" tests="1" file="/home/caleb/fei-protocol-core/test/unit/core/Core.test.ts" time="0.4880" failures="0">
    <testcase name="Core Contract Admin Role Access renounced is not registered in core" time="0.0030" classname="is not registered in core">
    </testcase>
  </testsuite>
  <testsuite name="Member Count" timestamp="2022-01-10T04:18:59" tests="2" file="/home/caleb/fei-protocol-core/test/unit/core/Core.test.ts" time="0.9420" failures="0">
    <testcase name="Core Contract Admin Role Member Count is one" time="0.0040" classname="is one">
    </testcase>
    <testcase name="Core Contract Admin Role Member Count updates to two" time="0.0220" classname="updates to two">
    </testcase>
  </testsuite>
  <testsuite name="Admin" timestamp="2022-01-10T04:19:00" tests="1" file="/home/caleb/fei-protocol-core/test/unit/core/Core.test.ts" time="0.4610" failures="0">
    <testcase name="Core Contract Admin Role Admin is governor" time="0.0050" classname="is governor">
    </testcase>
  </testsuite>
  <testsuite name="Access" timestamp="2022-01-10T04:19:01" tests="5" file="/home/caleb/fei-protocol-core/test/unit/core/Core.test.ts" time="2.2080" failures="0">
    <testcase name="Core Contract Admin Access onlyMinter reverts" time="0.0050" classname="onlyMinter reverts">
    </testcase>
    <testcase name="Core Contract Admin Access onlyBurner reverts" time="0.0060" classname="onlyBurner reverts">
    </testcase>
    <testcase name="Core Contract Admin Access onlyGovernor reverts" time="0.0080" classname="onlyGovernor reverts">
    </testcase>
    <testcase name="Core Contract Admin Access onlyGovernorOrAdmin succeeds" time="0.0060" classname="onlyGovernorOrAdmin succeeds">
    </testcase>
    <testcase name="Core Contract Admin Access onlyPCVController reverts" time="0.0060" classname="onlyPCVController reverts">
    </testcase>
  </testsuite>
  <testsuite name="Access Control" timestamp="2022-01-10T04:19:03" tests="0" file="/home/caleb/fei-protocol-core/test/unit/core/Core.test.ts" time="0.0000" failures="0">
  </testsuite>
  <testsuite name="Non-Guardian" timestamp="2022-01-10T04:19:03" tests="1" file="/home/caleb/fei-protocol-core/test/unit/core/Core.test.ts" time="0.4490" failures="0">
    <testcase name="Core Contract Admin Access Control Non-Guardian cannot revoke" time="0.0090" classname="cannot revoke">
    </testcase>
  </testsuite>
  <testsuite name="Guardian" timestamp="2022-01-10T04:19:04" tests="4" file="/home/caleb/fei-protocol-core/test/unit/core/Core.test.ts" time="2.0670" failures="0">
    <testcase name="Core Contract Admin Access Control Guardian can revoke minter" time="0.0960" classname="can revoke minter">
    </testcase>
    <testcase name="Core Contract Admin Access Control Guardian can revoke burner" time="0.0960" classname="can revoke burner">
    </testcase>
    <testcase name="Core Contract Admin Access Control Guardian can revoke pcv controller" time="0.0960" classname="can revoke pcv controller">
    </testcase>
    <testcase name="Core Contract Admin Access Control Guardian cannot revoke governor" time="0.0110" classname="cannot revoke governor">
    </testcase>
  </testsuite>
  <testsuite name="Create Role" timestamp="2022-01-10T04:19:06" tests="2" file="/home/caleb/fei-protocol-core/test/unit/core/Core.test.ts" time="0.8380" failures="0">
    <testcase name="Core Create Role governor succeeds" time="0.0220" classname="governor succeeds">
    </testcase>
    <testcase name="Core Create Role non-governor fails" time="0.0100" classname="non-governor fails">
    </testcase>
  </testsuite>
</testsuites>